73952,28/6/2014,32 mm
18090,17/4/1945,825 mm
28415,3/7/2005,1589 mm
45582,24/2/2005,655 mm
59141,29/5/1917,1679 mm
82870,13/8/2003,5.973933 ft
48961,1/11/1903,10.204273 ft
50615,18/2/1906,6.14904 ft
50615,2/4/2011,3.779169 ft
32817,5/9/1914,50 mm
45866,19/2/1903,3991 mm
48395,4/3/1919,8.23355 ft
55069,9/10/1912,10.706063 ft
13071,24/9/1916,1231 mm
17787,3/1/1971,3.5899267 ft
10142,6/12/1981,3492 mm
16945,13/4/1927,2879 mm
45866,15/3/1976,0.224935 ft
48961,2/4/1902,12.673605 ft
10142,5/3/2008,4.7935777 ft
